2019-08-04 09:40:22 INFO  Transaction:25 - testa transferred 3000.0 to testa
2019-08-04 09:41:57 INFO  Transaction:25 - testa transferred 3000.0 to testb
2019-08-04 09:42:23 INFO  Transaction:13 - testa deposited 30000.0
2019-08-04 09:42:34 INFO  Transaction:19 - testa withdrew 50000.0
2019-08-04 09:43:49 INFO  Transaction:19 - testa withdrew 60000.0
2019-08-04 09:52:22 INFO  Transaction:13 - testa deposited 200000.0
2019-08-04 09:56:13 INFO  Transaction:25 - testa transferred 50000.0 to testb
2019-08-04 09:56:21 INFO  Transaction:19 - testa withdrew 900000.0
2019-08-04 09:56:33 INFO  Transaction:13 - testa deposited 500000.0
2019-08-04 09:58:29 INFO  Transaction:13 - testa deposited 50000.0
2019-08-04 09:58:39 INFO  Transaction:19 - testa withdrew 61000.0
2019-08-04 09:58:49 INFO  Transaction:25 - testa transferred 500.0 to testb
2019-08-04 10:03:27 INFO  Transaction:19 - testa withdrew 500000.0
2019-08-04 10:03:33 INFO  Transaction:13 - testa deposited 500000.0
2019-08-04 10:03:42 INFO  Transaction:25 - testa transferred 60000.0 to testb
2019-08-04 10:14:40 INFO  Transaction:13 - testa deposited 313141.0
2019-08-04 10:14:51 INFO  Transaction:19 - testa withdrew 345345.0
2019-08-04 10:15:37 INFO  Transaction:19 - testa withdrew 60000.0
2019-08-04 10:15:48 INFO  Transaction:25 - testa transferred 50000.0 to testc
2019-08-04 10:19:22 INFO  Transaction:13 - testa deposited 500000.0
2019-08-04 10:19:29 INFO  Transaction:19 - testa withdrew 601110.0
2019-08-04 10:19:33 INFO  Transaction:19 - testa withdrew 51500.0
2019-08-04 10:19:41 INFO  Transaction:25 - testa transferred 50000.0 to testb
2019-08-04 10:20:09 INFO  Transaction:25 - testb transferred 50000.0 to testc
2019-08-04 10:29:32 INFO  Transaction:19 - testa withdrew 8.0
2019-08-04 10:29:38 INFO  Transaction:25 - testa transferred 555.0 to testb
2019-08-04 10:31:25 INFO  Transaction:19 - testb withdrew 5555555.0
2019-08-04 10:41:37 INFO  Employee:32 - testp was approved.
2019-08-04 10:46:05 INFO  Employee:32 - testp was approved.
2019-08-04 10:49:54 INFO  Employee:32 - testp was approved.
2019-08-04 10:52:43 INFO  Employee:32 - testp was approved.
